\BOOKMARK [1][-]{section.1}{Introducci\363n}{}% 1
\BOOKMARK [2][-]{subsection.1.1}{Prop\363sito}{section.1}% 2
\BOOKMARK [2][-]{subsection.1.2}{Descripci\363n breve del problema}{section.1}% 3
\BOOKMARK [1][-]{section.2}{Planificaci\363n del Trabajo}{}% 4
\BOOKMARK [2][-]{subsection.2.1}{Descripci\363n del grupo de trabajo}{section.2}% 5
\BOOKMARK [2][-]{subsection.2.2}{Estimaci\363n de esfuerzo}{section.2}% 6
\BOOKMARK [3][-]{subsubsection.2.2.1}{Complejidad de Archivos}{subsection.2.2}% 7
\BOOKMARK [3][-]{subsubsection.2.2.2}{Complejidad de las funcionalidades, c\341lculo de FP, grados de influencia, y otros c\341lculos}{subsection.2.2}% 8
\BOOKMARK [3][-]{subsubsection.2.2.3}{C.T Jones / COCOMO II}{subsection.2.2}% 9
\BOOKMARK [2][-]{subsection.2.3}{Asignaci\363n de recursos}{section.2}% 10
\BOOKMARK [2][-]{subsection.2.4}{Planificaci\363n temporal de actividades}{section.2}% 11
\BOOKMARK [1][-]{section.3}{An\341lisis}{}% 12
\BOOKMARK [2][-]{subsection.3.1}{Contexto}{section.3}% 13
\BOOKMARK [3][-]{subsubsection.3.1.1}{Descripci\363n General}{subsection.3.1}% 14
\BOOKMARK [3][-]{subsubsection.3.1.2}{Descripci\363n de Clientes y Usuarios:}{subsection.3.1}% 15
\BOOKMARK [2][-]{subsection.3.2}{Especificaci\363n de Requerimientos}{section.3}% 16
\BOOKMARK [3][-]{subsubsection.3.2.1}{Funciones del Sistema}{subsection.3.2}% 17
\BOOKMARK [3][-]{subsubsection.3.2.2}{Atributos del Sistema}{subsection.3.2}% 18
\BOOKMARK [3][-]{subsubsection.3.2.3}{Atributos por Funci\363n}{subsection.3.2}% 19
\BOOKMARK [2][-]{subsection.3.3}{Actores}{section.3}% 20
\BOOKMARK [3][-]{subsubsection.3.3.1}{Clientes}{subsection.3.3}% 21
\BOOKMARK [3][-]{subsubsection.3.3.2}{Usuarios}{subsection.3.3}% 22
\BOOKMARK [2][-]{subsection.3.4}{Casos de Uso}{section.3}% 23
\BOOKMARK [3][-]{subsubsection.3.4.1}{Primera interacci\363n con la aplicaci\363n dentro de la sala de clases}{subsection.3.4}% 24
\BOOKMARK [4][-]{paragraph.3.4.1.1}{Caso de Uso Esencial}{subsubsection.3.4.1}% 25
\BOOKMARK [4][-]{paragraph.3.4.1.2}{Diagrama de Caso de Uso}{subsubsection.3.4.1}% 26
\BOOKMARK [4][-]{paragraph.3.4.1.3}{Modelo Conceptual}{subsubsection.3.4.1}% 27
\BOOKMARK [4][-]{paragraph.3.4.1.4}{Diagrama de Secuencia o Colaboraci\363n}{subsubsection.3.4.1}% 28
\BOOKMARK [3][-]{subsubsection.3.4.2}{Priorizaci\363n}{subsection.3.4}% 29
\BOOKMARK [3][-]{subsubsection.3.4.3}{Uso de la aplicacion por personas sin espa\361ol como idioma nativo}{subsection.3.4}% 30
\BOOKMARK [4][-]{paragraph.3.4.3.1}{Caso de Uso Esencial}{subsubsection.3.4.3}% 31
\BOOKMARK [4][-]{paragraph.3.4.3.2}{Diagrama de Caso de Uso}{subsubsection.3.4.3}% 32
\BOOKMARK [3][-]{subsubsection.3.4.4}{Modelo Conceptual}{subsection.3.4}% 33
\BOOKMARK [4][-]{paragraph.3.4.4.1}{Diagrama de Secuencia o Colaboraci\363n}{subsubsection.3.4.4}% 34
\BOOKMARK [4][-]{paragraph.3.4.4.2}{Priorizaci\363n}{subsubsection.3.4.4}% 35
\BOOKMARK [3][-]{subsubsection.3.4.5}{situacion de pompetitividad entre jovenes}{subsection.3.4}% 36
\BOOKMARK [4][-]{paragraph.3.4.5.1}{Caso de Uso Esencial}{subsubsection.3.4.5}% 37
\BOOKMARK [4][-]{paragraph.3.4.5.2}{Diagrama de Caso de Uso}{subsubsection.3.4.5}% 38
\BOOKMARK [4][-]{paragraph.3.4.5.3}{Modelo Conceptual}{subsubsection.3.4.5}% 39
\BOOKMARK [4][-]{paragraph.3.4.5.4}{Diagrama de Secuencia o Colaboraci\363n}{subsubsection.3.4.5}% 40
\BOOKMARK [4][-]{paragraph.3.4.5.5}{Priorizaci\363n}{subsubsection.3.4.5}% 41
\BOOKMARK [3][-]{subsubsection.3.4.6}{Presentacion de estudiente para su curso}{subsection.3.4}% 42
\BOOKMARK [4][-]{paragraph.3.4.6.1}{Caso de Uso Esencial}{subsubsection.3.4.6}% 43
\BOOKMARK [4][-]{paragraph.3.4.6.2}{Diagrama de Caso de Uso}{subsubsection.3.4.6}% 44
\BOOKMARK [4][-]{paragraph.3.4.6.3}{Modelo Conceptual}{subsubsection.3.4.6}% 45
\BOOKMARK [4][-]{paragraph.3.4.6.4}{Diagrama de Secuencia o Colaboraci\363n}{subsubsection.3.4.6}% 46
\BOOKMARK [4][-]{paragraph.3.4.6.5}{Priorizaci\363n}{subsubsection.3.4.6}% 47
\BOOKMARK [3][-]{subsubsection.3.4.7}{Excursi\363n de grupo escolar}{subsection.3.4}% 48
\BOOKMARK [4][-]{paragraph.3.4.7.1}{Caso de Uso Esencial}{subsubsection.3.4.7}% 49
\BOOKMARK [4][-]{paragraph.3.4.7.2}{Diagrama de Caso de Uso}{subsubsection.3.4.7}% 50
\BOOKMARK [4][-]{paragraph.3.4.7.3}{Modelo Conceptual}{subsubsection.3.4.7}% 51
\BOOKMARK [4][-]{paragraph.3.4.7.4}{Diagrama de Secuencia o Colaboraci\363n}{subsubsection.3.4.7}% 52
\BOOKMARK [4][-]{paragraph.3.4.7.5}{Priorizaci\363n}{subsubsection.3.4.7}% 53
\BOOKMARK [3][-]{subsubsection.3.4.8}{Uso por aficionado de los museos}{subsection.3.4}% 54
\BOOKMARK [4][-]{paragraph.3.4.8.1}{Caso de Uso Esencial}{subsubsection.3.4.8}% 55
\BOOKMARK [4][-]{paragraph.3.4.8.2}{Diagrama de Caso de Uso}{subsubsection.3.4.8}% 56
\BOOKMARK [4][-]{paragraph.3.4.8.3}{Modelo Conceptual}{subsubsection.3.4.8}% 57
\BOOKMARK [4][-]{paragraph.3.4.8.4}{Diagrama de Secuencia o Colaboraci\363n}{subsubsection.3.4.8}% 58
\BOOKMARK [4][-]{paragraph.3.4.8.5}{Priorizaci\363n}{subsubsection.3.4.8}% 59
\BOOKMARK [3][-]{subsubsection.3.4.9}{Uso de la aplicacion por un estudiante y su familia}{subsection.3.4}% 60
\BOOKMARK [4][-]{paragraph.3.4.9.1}{Caso de Uso Esencial}{subsubsection.3.4.9}% 61
\BOOKMARK [4][-]{paragraph.3.4.9.2}{Diagrama de Caso de Uso}{subsubsection.3.4.9}% 62
\BOOKMARK [4][-]{paragraph.3.4.9.3}{Modelo Conceptual}{subsubsection.3.4.9}% 63
\BOOKMARK [4][-]{paragraph.3.4.9.4}{Diagrama de Secuencia o Colaboraci\363n}{subsubsection.3.4.9}% 64
\BOOKMARK [4][-]{paragraph.3.4.9.5}{Priorizaci\363n}{subsubsection.3.4.9}% 65
\BOOKMARK [3][-]{subsubsection.3.4.10}{Preparaci\363n de clase por parte de un profesor}{subsection.3.4}% 66
\BOOKMARK [4][-]{paragraph.3.4.10.1}{Caso de Uso Esencial}{subsubsection.3.4.10}% 67
\BOOKMARK [4][-]{paragraph.3.4.10.2}{Diagrama de Caso de Uso}{subsubsection.3.4.10}% 68
\BOOKMARK [4][-]{paragraph.3.4.10.3}{Modelo Conceptual}{subsubsection.3.4.10}% 69
\BOOKMARK [4][-]{paragraph.3.4.10.4}{Diagrama de Secuencia o Colaboraci\363n}{subsubsection.3.4.10}% 70
\BOOKMARK [4][-]{paragraph.3.4.10.5}{Priorizaci\363n}{subsubsection.3.4.10}% 71
\BOOKMARK [3][-]{subsubsection.3.4.11}{Contratos}{subsection.3.4}% 72
\BOOKMARK [4][-]{paragraph.3.4.11.1}{Contrato 1}{subsubsection.3.4.11}% 73
\BOOKMARK [4][-]{paragraph.3.4.11.2}{Contrato 2}{subsubsection.3.4.11}% 74
\BOOKMARK [4][-]{paragraph.3.4.11.3}{Contrato 3}{subsubsection.3.4.11}% 75
\BOOKMARK [4][-]{paragraph.3.4.11.4}{Contrato 4}{subsubsection.3.4.11}% 76
\BOOKMARK [2][-]{subsection.3.5}{Modelo de Dominio}{section.3}% 77
\BOOKMARK [3][-]{subsubsection.3.5.1}{Entidades Reconocidas}{subsection.3.5}% 78
\BOOKMARK [3][-]{subsubsection.3.5.2}{Modelo de Dominio}{subsection.3.5}% 79
\BOOKMARK [3][-]{subsubsection.3.5.3}{Matriz de Rastreabilidad}{subsection.3.5}% 80
\BOOKMARK [1][-]{section.4}{Validaci\363n}{}% 81
\BOOKMARK [2][-]{subsection.4.1}{Prototipo de validaci\363n funcional}{section.4}% 82
\BOOKMARK [1][-]{section.5}{Dise\361o}{}% 83
\BOOKMARK [2][-]{subsection.5.1}{Derivaci\363n del Modelo de Software}{section.5}% 84
\BOOKMARK [3][-]{subsubsection.5.1.1}{Modelo de software inicial}{subsection.5.1}% 85
\BOOKMARK [3][-]{subsubsection.5.1.2}{Diagramas de Clases}{subsection.5.1}% 86
\BOOKMARK [3][-]{subsubsection.5.1.3}{Diagramas de Interacci\363n}{subsection.5.1}% 87
\BOOKMARK [3][-]{subsubsection.5.1.4}{Diagramas de Estados}{subsection.5.1}% 88
\BOOKMARK [2][-]{subsection.5.2}{Refinamientos}{section.5}% 89
\BOOKMARK [3][-]{subsubsection.5.2.1}{Lugar de Refinamiento}{subsection.5.2}% 90
\BOOKMARK [3][-]{subsubsection.5.2.2}{Para cada Lugar}{subsection.5.2}% 91
\BOOKMARK [4][-]{paragraph.5.2.2.1}{Refinamientos considerados}{subsubsection.5.2.2}% 92
\BOOKMARK [4][-]{paragraph.5.2.2.2}{Selecci\363n y descripci\363n de una opci\363n}{subsubsection.5.2.2}% 93
\BOOKMARK [1][-]{section.6}{Implementaci\363n}{}% 94
\BOOKMARK [2][-]{subsection.6.1}{C\363digo fuente completo \(parcial\)}{section.6}% 95
\BOOKMARK [2][-]{subsection.6.2}{Modelo de implementaci\363n}{section.6}% 96
\BOOKMARK [2][-]{subsection.6.3}{Dependencias}{section.6}% 97
\BOOKMARK [1][-]{section.7}{Anexos}{}% 98
\BOOKMARK [2][-]{subsection.7.1}{Glosario}{section.7}% 99
